D:\Microsoft Visual Studio\2017\Community\Common7\IDE\VC\VCTargets\Microsoft.CppBuild.targets(391,5): warning MSB8028: 중간 디렉터리(Debug\)에 다른 프로젝트(PP01.HelloSDL.vcxproj, PP02.BreakUpHelloSDL.vcxproj, PP03.GameClass.vcxproj, PP04.BasicDrawing.vcxproj, PP05.AnimatingSprite.vcxproj, PP06.ImageSprite.vcxproj)에서 공유하는 파일이 포함되어 있습니다.  이로 인해 잘못된 정리 및 다시 빌드 동작이 수행될 수 있습니다.
  Game.cpp
c:\users\jws\desktop\20142355\gameframework\pp01.hellosdl\game.cpp(2): error C2653: 'Game': 클래스 또는 네임스페이스 이름이 아닙니다.
c:\users\jws\desktop\20142355\gameframework\pp01.hellosdl\game.cpp(7): error C2065: 'm_pWindow': 선언되지 않은 식별자입니다.
c:\users\jws\desktop\20142355\gameframework\pp01.hellosdl\game.cpp(8): error C2065: 'm_pWindow': 선언되지 않은 식별자입니다.
c:\users\jws\desktop\20142355\gameframework\pp01.hellosdl\game.cpp(10): error C2065: 'm_pRenderer': 선언되지 않은 식별자입니다.
c:\users\jws\desktop\20142355\gameframework\pp01.hellosdl\game.cpp(10): error C2065: 'm_pWindow': 선언되지 않은 식별자입니다.
c:\users\jws\desktop\20142355\gameframework\pp01.hellosdl\game.cpp(12): error C2065: 'm_bRunning': 선언되지 않은 식별자입니다.
c:\users\jws\desktop\20142355\gameframework\pp01.hellosdl\game.cpp(13): error C2065: 'm_textureManager': 선언되지 않은 식별자입니다.
c:\users\jws\desktop\20142355\gameframework\pp01.hellosdl\game.cpp(13): error C2228: '.load' 왼쪽에는 클래스/구조체/공용 구조체가 있어야 합니다.
  c:\users\jws\desktop\20142355\gameframework\pp01.hellosdl\game.cpp(13): note: 'unknown-type' 형식입니다.
c:\users\jws\desktop\20142355\gameframework\pp01.hellosdl\game.cpp(13): error C2065: 'm_pRenderer': 선언되지 않은 식별자입니다.
c:\users\jws\desktop\20142355\gameframework\pp01.hellosdl\game.cpp(32): error C2653: 'Game': 클래스 또는 네임스페이스 이름이 아닙니다.
c:\users\jws\desktop\20142355\gameframework\pp01.hellosdl\game.cpp(34): error C2065: 'm_pRenderer': 선언되지 않은 식별자입니다.
c:\users\jws\desktop\20142355\gameframework\pp01.hellosdl\game.cpp(35): error C2065: 'm_textureManager': 선언되지 않은 식별자입니다.
c:\users\jws\desktop\20142355\gameframework\pp01.hellosdl\game.cpp(35): error C2228: '.draw' 왼쪽에는 클래스/구조체/공용 구조체가 있어야 합니다.
  c:\users\jws\desktop\20142355\gameframework\pp01.hellosdl\game.cpp(35): note: 'unknown-type' 형식입니다.
c:\users\jws\desktop\20142355\gameframework\pp01.hellosdl\game.cpp(35): error C2065: 'm_pRenderer': 선언되지 않은 식별자입니다.
c:\users\jws\desktop\20142355\gameframework\pp01.hellosdl\game.cpp(36): error C2065: 'm_textureManager': 선언되지 않은 식별자입니다.
c:\users\jws\desktop\20142355\gameframework\pp01.hellosdl\game.cpp(36): error C2228: '.drawFrame' 왼쪽에는 클래스/구조체/공용 구조체가 있어야 합니다.
  c:\users\jws\desktop\20142355\gameframework\pp01.hellosdl\game.cpp(36): note: 'unknown-type' 형식입니다.
c:\users\jws\desktop\20142355\gameframework\pp01.hellosdl\game.cpp(37): error C2065: 'm_currentFrame': 선언되지 않은 식별자입니다.
c:\users\jws\desktop\20142355\gameframework\pp01.hellosdl\game.cpp(37): error C2065: 'm_pRenderer': 선언되지 않은 식별자입니다.
c:\users\jws\desktop\20142355\gameframework\pp01.hellosdl\game.cpp(38): error C2065: 'm_pRenderer': 선언되지 않은 식별자입니다.
c:\users\jws\desktop\20142355\gameframework\pp01.hellosdl\game.cpp(40): error C2653: 'Game': 클래스 또는 네임스페이스 이름이 아닙니다.
c:\users\jws\desktop\20142355\gameframework\pp01.hellosdl\game.cpp(42): error C2065: 'm_currentFrame': 선언되지 않은 식별자입니다.
c:\users\jws\desktop\20142355\gameframework\pp01.hellosdl\game.cpp(44): error C2653: 'Game': 클래스 또는 네임스페이스 이름이 아닙니다.
c:\users\jws\desktop\20142355\gameframework\pp01.hellosdl\game.cpp(46): error C2065: 'm_pWindow': 선언되지 않은 식별자입니다.
c:\users\jws\desktop\20142355\gameframework\pp01.hellosdl\game.cpp(47): error C2065: 'm_pRenderer': 선언되지 않은 식별자입니다.
c:\users\jws\desktop\20142355\gameframework\pp01.hellosdl\game.cpp(50): error C2653: 'Game': 클래스 또는 네임스페이스 이름이 아닙니다.
c:\users\jws\desktop\20142355\gameframework\pp01.hellosdl\game.cpp(58): error C2065: 'm_bRunning': 선언되지 않은 식별자입니다.
  main.cpp
c:\users\jws\desktop\20142355\gameframework\pp01.hellosdl\main.cpp(2): error C2143: 구문 오류: ';'이(가) '*' 앞에 없습니다.
c:\users\jws\desktop\20142355\gameframework\pp01.hellosdl\main.cpp(2): error C4430: 형식 지정자가 없습니다. int로 가정합니다. 참고: C++에서는 기본 int를 지원하지 않습니다.
c:\users\jws\desktop\20142355\gameframework\pp01.hellosdl\main.cpp(5): error C2061: 구문 오류: 식별자 'Game'
c:\users\jws\desktop\20142355\gameframework\pp01.hellosdl\main.cpp(6): error C2227: '->init' 왼쪽은 클래스/구조체/공용 구조체/제네릭 형식을 가리켜야 합니다.
  c:\users\jws\desktop\20142355\gameframework\pp01.hellosdl\main.cpp(6): note: 'int *' 형식입니다.
c:\users\jws\desktop\20142355\gameframework\pp01.hellosdl\main.cpp(7): error C2227: '->running' 왼쪽은 클래스/구조체/공용 구조체/제네릭 형식을 가리켜야 합니다.
  c:\users\jws\desktop\20142355\gameframework\pp01.hellosdl\main.cpp(7): note: 'int *' 형식입니다.
c:\users\jws\desktop\20142355\gameframework\pp01.hellosdl\main.cpp(9): error C2227: '->handleEvents' 왼쪽은 클래스/구조체/공용 구조체/제네릭 형식을 가리켜야 합니다.
  c:\users\jws\desktop\20142355\gameframework\pp01.hellosdl\main.cpp(9): note: 'int *' 형식입니다.
c:\users\jws\desktop\20142355\gameframework\pp01.hellosdl\main.cpp(10): error C2227: '->update' 왼쪽은 클래스/구조체/공용 구조체/제네릭 형식을 가리켜야 합니다.
  c:\users\jws\desktop\20142355\gameframework\pp01.hellosdl\main.cpp(10): note: 'int *' 형식입니다.
c:\users\jws\desktop\20142355\gameframework\pp01.hellosdl\main.cpp(11): error C2227: '->render' 왼쪽은 클래스/구조체/공용 구조체/제네릭 형식을 가리켜야 합니다.
  c:\users\jws\desktop\20142355\gameframework\pp01.hellosdl\main.cpp(11): note: 'int *' 형식입니다.
c:\users\jws\desktop\20142355\gameframework\pp01.hellosdl\main.cpp(13): error C2227: '->clean' 왼쪽은 클래스/구조체/공용 구조체/제네릭 형식을 가리켜야 합니다.
  c:\users\jws\desktop\20142355\gameframework\pp01.hellosdl\main.cpp(13): note: 'int *' 형식입니다.
  TextureManager.cpp
  코드를 생성하고 있습니다...
